2016-07-06 07:50:33 INFO  JobAPI:69 - hostname=UBUNTU-QOTOM
2016-07-06 07:50:33 INFO  JobAPI:73 - file=/mnt/htpcdrive/plex/tv/Outcast/Season 01/Outcast.S01E05.720p.WEB.DL.mkv, event=IN_MOVED_TO
2016-07-06 07:50:33 DEBUG JobAPI:80 - ProcessBuilder = [sudo, -u, paulf, -i, /mnt/htpcdrive/plex/conv/scripts/plex_video_iwatch.sh, /mnt/htpcdrive/plex/tv/Outcast/Season 01/Outcast.S01E05.720p.WEB.DL.mkv, IN_MOVED_TO]
2016-07-06 07:50:33 DEBUG JobAPI:97 - Output = 
2016-07-06 09:50:39 INFO  JobAPI:69 - hostname=UBUNTU-QOTOM
2016-07-06 09:50:39 INFO  JobAPI:73 - file=/mnt/htpcdrive/plex/tv/The Jim Gaffigan Show/Season 01/The.Jim.Gaffigan.Show.S01E02.1080p.WEB.DL.mkv, event=IN_MOVED_TO
2016-07-06 09:50:39 DEBUG JobAPI:80 - ProcessBuilder = [sudo, -u, paulf, -i, /mnt/htpcdrive/plex/conv/scripts/plex_video_iwatch.sh, /mnt/htpcdrive/plex/tv/The Jim Gaffigan Show/Season 01/The.Jim.Gaffigan.Show.S01E02.1080p.WEB.DL.mkv, IN_MOVED_TO]
2016-07-06 09:50:39 DEBUG JobAPI:97 - Output = 
2016-07-06 20:41:08 INFO  JobAPI:69 - hostname=UBUNTU-QOTOM
2016-07-06 20:41:08 INFO  JobAPI:73 - file=/mnt/htpcdrive/plex/tv/The Jim Gaffigan Show/Season 01/The.Jim.Gaffigan.Show.S01E01.720p.HDTV.mkv, event=IN_MOVED_TO
2016-07-06 20:41:08 DEBUG JobAPI:80 - ProcessBuilder = [sudo, -u, paulf, -i, /mnt/htpcdrive/plex/conv/scripts/plex_video_iwatch.sh, /mnt/htpcdrive/plex/tv/The Jim Gaffigan Show/Season 01/The.Jim.Gaffigan.Show.S01E01.720p.HDTV.mkv, IN_MOVED_TO]
2016-07-06 20:41:08 DEBUG JobAPI:97 - Output = 
2016-07-06 23:01:27 INFO  JobAPI:69 - hostname=UBUNTU-QOTOM
2016-07-06 23:01:27 INFO  JobAPI:73 - file=/mnt/htpcdrive/plex/tv/Wayward Pines/Season 02/Wayward.Pines.S02E07.720p.HDTV.mkv, event=IN_MOVED_TO
2016-07-06 23:01:27 DEBUG JobAPI:80 - ProcessBuilder = [sudo, -u, paulf, -i, /mnt/htpcdrive/plex/conv/scripts/plex_video_iwatch.sh, /mnt/htpcdrive/plex/tv/Wayward Pines/Season 02/Wayward.Pines.S02E07.720p.HDTV.mkv, IN_MOVED_TO]
2016-07-06 23:01:27 DEBUG JobAPI:97 - Output = 
2016-07-07 00:21:19 INFO  JobAPI:69 - hostname=UBUNTU-QOTOM
2016-07-07 00:21:19 INFO  JobAPI:73 - file=/mnt/htpcdrive/plex/tv/12 Monkeys/Season 01/12.Monkeys.S01E01.720p.HDTV.mkv, event=IN_MOVED_TO
2016-07-07 00:21:19 DEBUG JobAPI:80 - ProcessBuilder = [sudo, -u, paulf, -i, /mnt/htpcdrive/plex/conv/scripts/plex_video_iwatch.sh, /mnt/htpcdrive/plex/tv/12 Monkeys/Season 01/12.Monkeys.S01E01.720p.HDTV.mkv, IN_MOVED_TO]
2016-07-07 00:21:19 DEBUG JobAPI:97 - Output = 
2016-07-07 00:21:27 INFO  JobAPI:69 - hostname=UBUNTU-QOTOM
2016-07-07 00:21:27 INFO  JobAPI:73 - file=/mnt/htpcdrive/plex/tv/12 Monkeys/Season 01/12.Monkeys.S01E02.720p.HDTV.mkv, event=IN_MOVED_TO
2016-07-07 00:21:27 DEBUG JobAPI:80 - ProcessBuilder = [sudo, -u, paulf, -i, /mnt/htpcdrive/plex/conv/scripts/plex_video_iwatch.sh, /mnt/htpcdrive/plex/tv/12 Monkeys/Season 01/12.Monkeys.S01E02.720p.HDTV.mkv, IN_MOVED_TO]
2016-07-07 00:21:27 DEBUG JobAPI:97 - Output = 
2016-07-07 00:31:19 INFO  JobAPI:69 - hostname=UBUNTU-QOTOM
2016-07-07 00:31:19 INFO  JobAPI:73 - file=/mnt/htpcdrive/plex/tv/12 Monkeys/Season 01/12.Monkeys.S01E03.720p.HDTV.mkv, event=IN_MOVED_TO
2016-07-07 00:31:19 DEBUG JobAPI:80 - ProcessBuilder = [sudo, -u, paulf, -i, /mnt/htpcdrive/plex/conv/scripts/plex_video_iwatch.sh, /mnt/htpcdrive/plex/tv/12 Monkeys/Season 01/12.Monkeys.S01E03.720p.HDTV.mkv, IN_MOVED_TO]
2016-07-07 00:31:20 DEBUG JobAPI:97 - Output = 
2016-07-07 19:02:11 INFO  JobAPI:69 - hostname=UBUNTU-QOTOM
2016-07-07 19:02:11 INFO  JobAPI:73 - file=/mnt/htpcdrive/plex/tv/Cleverman/Season 01/Cleverman.S01E06.720p.WEB.DL.mp4, event=IN_MOVED_TO
2016-07-07 19:02:11 DEBUG JobAPI:80 - ProcessBuilder = [sudo, -u, paulf, -i, /mnt/htpcdrive/plex/conv/scripts/plex_video_iwatch.sh, /mnt/htpcdrive/plex/tv/Cleverman/Season 01/Cleverman.S01E06.720p.WEB.DL.mp4, IN_MOVED_TO]
2016-07-07 19:02:11 DEBUG JobAPI:97 - Output = 
2016-07-07 23:42:29 INFO  JobAPI:69 - hostname=UBUNTU-QOTOM
2016-07-07 23:42:29 INFO  JobAPI:73 - file=/mnt/htpcdrive/plex/tv/Queen of the South/Season 01/Queen.of.the.South.S01E03.720p.HDTV.mkv, event=IN_MOVED_TO
2016-07-07 23:42:29 DEBUG JobAPI:80 - ProcessBuilder = [sudo, -u, paulf, -i, /mnt/htpcdrive/plex/conv/scripts/plex_video_iwatch.sh, /mnt/htpcdrive/plex/tv/Queen of the South/Season 01/Queen.of.the.South.S01E03.720p.HDTV.mkv, IN_MOVED_TO]
2016-07-07 23:42:29 DEBUG JobAPI:97 - Output = 
2016-07-08 00:02:28 INFO  JobAPI:69 - hostname=UBUNTU-QOTOM
2016-07-08 00:02:28 INFO  JobAPI:73 - file=/mnt/htpcdrive/plex/tv/12 Monkeys/Season 01/12.Monkeys.S01E10.720p.HDTV.mkv, event=IN_MOVED_TO
2016-07-08 00:02:28 DEBUG JobAPI:80 - ProcessBuilder = [sudo, -u, paulf, -i, /mnt/htpcdrive/plex/conv/scripts/plex_video_iwatch.sh, /mnt/htpcdrive/plex/tv/12 Monkeys/Season 01/12.Monkeys.S01E10.720p.HDTV.mkv, IN_MOVED_TO]
2016-07-08 00:02:28 DEBUG JobAPI:97 - Output = 
2016-07-08 00:02:36 INFO  JobAPI:69 - hostname=UBUNTU-QOTOM
2016-07-08 00:02:36 INFO  JobAPI:73 - file=/mnt/htpcdrive/plex/tv/12 Monkeys/Season 01/12.Monkeys.S01E08.720p.HDTV.mkv, event=IN_MOVED_TO
2016-07-08 00:02:36 DEBUG JobAPI:80 - ProcessBuilder = [sudo, -u, paulf, -i, /mnt/htpcdrive/plex/conv/scripts/plex_video_iwatch.sh, /mnt/htpcdrive/plex/tv/12 Monkeys/Season 01/12.Monkeys.S01E08.720p.HDTV.mkv, IN_MOVED_TO]
2016-07-08 00:02:36 DEBUG JobAPI:97 - Output = 
2016-07-08 00:02:42 INFO  JobAPI:69 - hostname=UBUNTU-QOTOM
2016-07-08 00:02:42 INFO  JobAPI:73 - file=/mnt/htpcdrive/plex/tv/12 Monkeys/Season 01/12.Monkeys.S01E12.720p.HDTV.mkv, event=IN_MOVED_TO
2016-07-08 00:02:42 DEBUG JobAPI:80 - ProcessBuilder = [sudo, -u, paulf, -i, /mnt/htpcdrive/plex/conv/scripts/plex_video_iwatch.sh, /mnt/htpcdrive/plex/tv/12 Monkeys/Season 01/12.Monkeys.S01E12.720p.HDTV.mkv, IN_MOVED_TO]
2016-07-08 00:02:42 DEBUG JobAPI:97 - Output = 
2016-07-08 00:02:48 INFO  JobAPI:69 - hostname=UBUNTU-QOTOM
2016-07-08 00:02:48 INFO  JobAPI:73 - file=/mnt/htpcdrive/plex/tv/12 Monkeys/Season 01/12.Monkeys.S01E11.720p.HDTV.mkv, event=IN_MOVED_TO
2016-07-08 00:02:48 DEBUG JobAPI:80 - ProcessBuilder = [sudo, -u, paulf, -i, /mnt/htpcdrive/plex/conv/scripts/plex_video_iwatch.sh, /mnt/htpcdrive/plex/tv/12 Monkeys/Season 01/12.Monkeys.S01E11.720p.HDTV.mkv, IN_MOVED_TO]
2016-07-08 00:02:48 DEBUG JobAPI:97 - Output = 
2016-07-08 00:02:54 INFO  JobAPI:69 - hostname=UBUNTU-QOTOM
2016-07-08 00:02:54 INFO  JobAPI:73 - file=/mnt/htpcdrive/plex/tv/12 Monkeys/Season 01/12.Monkeys.S01E13.720p.HDTV.mkv, event=IN_MOVED_TO
2016-07-08 00:02:54 DEBUG JobAPI:80 - ProcessBuilder = [sudo, -u, paulf, -i, /mnt/htpcdrive/plex/conv/scripts/plex_video_iwatch.sh, /mnt/htpcdrive/plex/tv/12 Monkeys/Season 01/12.Monkeys.S01E13.720p.HDTV.mkv, IN_MOVED_TO]
2016-07-08 00:02:54 DEBUG JobAPI:97 - Output = 
2016-07-08 00:03:00 INFO  JobAPI:69 - hostname=UBUNTU-QOTOM
2016-07-08 00:03:00 INFO  JobAPI:73 - file=/mnt/htpcdrive/plex/tv/12 Monkeys/Season 01/12.Monkeys.S01E07.720p.HDTV.mkv, event=IN_MOVED_TO
2016-07-08 00:03:00 DEBUG JobAPI:80 - ProcessBuilder = [sudo, -u, paulf, -i, /mnt/htpcdrive/plex/conv/scripts/plex_video_iwatch.sh, /mnt/htpcdrive/plex/tv/12 Monkeys/Season 01/12.Monkeys.S01E07.720p.HDTV.mkv, IN_MOVED_TO]
2016-07-08 00:03:00 DEBUG JobAPI:97 - Output = 
2016-07-08 00:03:06 INFO  JobAPI:69 - hostname=UBUNTU-QOTOM
2016-07-08 00:03:06 INFO  JobAPI:73 - file=/mnt/htpcdrive/plex/tv/12 Monkeys/Season 01/12.Monkeys.S01E05.720p.HDTV.mkv, event=IN_MOVED_TO
2016-07-08 00:03:06 DEBUG JobAPI:80 - ProcessBuilder = [sudo, -u, paulf, -i, /mnt/htpcdrive/plex/conv/scripts/plex_video_iwatch.sh, /mnt/htpcdrive/plex/tv/12 Monkeys/Season 01/12.Monkeys.S01E05.720p.HDTV.mkv, IN_MOVED_TO]
2016-07-08 00:03:06 DEBUG JobAPI:97 - Output = 
2016-07-08 00:03:12 INFO  JobAPI:69 - hostname=UBUNTU-QOTOM
2016-07-08 00:03:12 INFO  JobAPI:73 - file=/mnt/htpcdrive/plex/tv/12 Monkeys/Season 01/12.Monkeys.S01E09.720p.HDTV.mkv, event=IN_MOVED_TO
2016-07-08 00:03:12 DEBUG JobAPI:80 - ProcessBuilder = [sudo, -u, paulf, -i, /mnt/htpcdrive/plex/conv/scripts/plex_video_iwatch.sh, /mnt/htpcdrive/plex/tv/12 Monkeys/Season 01/12.Monkeys.S01E09.720p.HDTV.mkv, IN_MOVED_TO]
2016-07-08 00:03:12 DEBUG JobAPI:97 - Output = 
2016-07-08 00:03:18 INFO  JobAPI:69 - hostname=UBUNTU-QOTOM
2016-07-08 00:03:18 INFO  JobAPI:73 - file=/mnt/htpcdrive/plex/tv/12 Monkeys/Season 01/12.Monkeys.S01E06.720p.HDTV.mkv, event=IN_MOVED_TO
2016-07-08 00:03:18 DEBUG JobAPI:80 - ProcessBuilder = [sudo, -u, paulf, -i, /mnt/htpcdrive/plex/conv/scripts/plex_video_iwatch.sh, /mnt/htpcdrive/plex/tv/12 Monkeys/Season 01/12.Monkeys.S01E06.720p.HDTV.mkv, IN_MOVED_TO]
2016-07-08 00:03:19 DEBUG JobAPI:97 - Output = 
2016-07-08 00:03:29 INFO  JobAPI:69 - hostname=UBUNTU-QOTOM
2016-07-08 00:03:29 INFO  JobAPI:73 - file=/mnt/htpcdrive/plex/tv/12 Monkeys/Season 01/12.Monkeys.S01E04.720p.HDTV.mkv, event=IN_MOVED_TO
2016-07-08 00:03:29 DEBUG JobAPI:80 - ProcessBuilder = [sudo, -u, paulf, -i, /mnt/htpcdrive/plex/conv/scripts/plex_video_iwatch.sh, /mnt/htpcdrive/plex/tv/12 Monkeys/Season 01/12.Monkeys.S01E04.720p.HDTV.mkv, IN_MOVED_TO]
2016-07-08 00:03:29 DEBUG JobAPI:97 - Output = 
2016-07-08 03:05:45 INFO  JobAPI:69 - hostname=UBUNTU-QOTOM
2016-07-08 03:05:45 INFO  JobAPI:73 - file=/mnt/htpcdrive/plex/tv/The Jim Gaffigan Show/Season 01/The.Jim.Gaffigan.Show.S01E10.720p.HDTV.mkv, event=IN_MOVED_TO
2016-07-08 03:05:45 DEBUG JobAPI:80 - ProcessBuilder = [sudo, -u, paulf, -i, /mnt/htpcdrive/plex/conv/scripts/plex_video_iwatch.sh, /mnt/htpcdrive/plex/tv/The Jim Gaffigan Show/Season 01/The.Jim.Gaffigan.Show.S01E10.720p.HDTV.mkv, IN_MOVED_TO]
2016-07-08 03:05:45 DEBUG JobAPI:97 - Output = 
2016-07-08 03:15:44 INFO  JobAPI:69 - hostname=UBUNTU-QOTOM
2016-07-08 03:15:44 INFO  JobAPI:73 - file=/mnt/htpcdrive/plex/tv/The Jim Gaffigan Show/Season 01/The.Jim.Gaffigan.Show.S01E09.720p.HDTV.mkv, event=IN_MOVED_TO
2016-07-08 03:15:44 DEBUG JobAPI:80 - ProcessBuilder = [sudo, -u, paulf, -i, /mnt/htpcdrive/plex/conv/scripts/plex_video_iwatch.sh, /mnt/htpcdrive/plex/tv/The Jim Gaffigan Show/Season 01/The.Jim.Gaffigan.Show.S01E09.720p.HDTV.mkv, IN_MOVED_TO]
2016-07-08 03:15:45 DEBUG JobAPI:97 - Output = 
2016-07-08 03:25:46 INFO  JobAPI:69 - hostname=UBUNTU-QOTOM
2016-07-08 03:25:46 INFO  JobAPI:73 - file=/mnt/htpcdrive/plex/tv/The Jim Gaffigan Show/Season 01/The.Jim.Gaffigan.Show.S01E08.720p.HDTV.mkv, event=IN_MOVED_TO
2016-07-08 03:25:46 DEBUG JobAPI:80 - ProcessBuilder = [sudo, -u, paulf, -i, /mnt/htpcdrive/plex/conv/scripts/plex_video_iwatch.sh, /mnt/htpcdrive/plex/tv/The Jim Gaffigan Show/Season 01/The.Jim.Gaffigan.Show.S01E08.720p.HDTV.mkv, IN_MOVED_TO]
2016-07-08 03:25:46 DEBUG JobAPI:97 - Output = 
2016-07-08 03:46:21 INFO  JobAPI:69 - hostname=UBUNTU-QOTOM
2016-07-08 03:46:21 INFO  JobAPI:73 - file=/mnt/htpcdrive/plex/tv/The Jim Gaffigan Show/Season 02/The.Jim.Gaffigan.Show.S02E04.720p.WEB.DL.mkv, event=IN_MOVED_TO
2016-07-08 03:46:21 DEBUG JobAPI:80 - ProcessBuilder = [sudo, -u, paulf, -i, /mnt/htpcdrive/plex/conv/scripts/plex_video_iwatch.sh, /mnt/htpcdrive/plex/tv/The Jim Gaffigan Show/Season 02/The.Jim.Gaffigan.Show.S02E04.720p.WEB.DL.mkv, IN_MOVED_TO]
2016-07-08 03:46:21 DEBUG JobAPI:97 - Output = 
2016-07-08 03:56:10 INFO  JobAPI:69 - hostname=UBUNTU-QOTOM
2016-07-08 03:56:10 INFO  JobAPI:73 - file=/mnt/htpcdrive/plex/tv/The Jim Gaffigan Show/Season 01/The.Jim.Gaffigan.Show.S01E11.720p.HDTV.mkv, event=IN_MOVED_TO
2016-07-08 03:56:10 DEBUG JobAPI:80 - ProcessBuilder = [sudo, -u, paulf, -i, /mnt/htpcdrive/plex/conv/scripts/plex_video_iwatch.sh, /mnt/htpcdrive/plex/tv/The Jim Gaffigan Show/Season 01/The.Jim.Gaffigan.Show.S01E11.720p.HDTV.mkv, IN_MOVED_TO]
2016-07-08 03:56:11 DEBUG JobAPI:97 - Output = 
2016-07-08 09:46:09 INFO  JobAPI:69 - hostname=UBUNTU-QOTOM
2016-07-08 09:46:09 INFO  JobAPI:73 - file=/mnt/htpcdrive/plex/tv/The Jim Gaffigan Show/Season 02/The.Jim.Gaffigan.Show.S02E02.720p.HDTV.mkv, event=IN_MOVED_TO
2016-07-08 09:46:09 DEBUG JobAPI:80 - ProcessBuilder = [sudo, -u, paulf, -i, /mnt/htpcdrive/plex/conv/scripts/plex_video_iwatch.sh, /mnt/htpcdrive/plex/tv/The Jim Gaffigan Show/Season 02/The.Jim.Gaffigan.Show.S02E02.720p.HDTV.mkv, IN_MOVED_TO]
2016-07-08 09:46:09 DEBUG JobAPI:97 - Output = 
2016-07-08 09:56:05 INFO  JobAPI:69 - hostname=UBUNTU-QOTOM
2016-07-08 09:56:05 INFO  JobAPI:73 - file=/mnt/htpcdrive/plex/tv/The Jim Gaffigan Show/Season 01/The.Jim.Gaffigan.Show.S01E07.720p.HDTV.mkv, event=IN_MOVED_TO
2016-07-08 09:56:05 DEBUG JobAPI:80 - ProcessBuilder = [sudo, -u, paulf, -i, /mnt/htpcdrive/plex/conv/scripts/plex_video_iwatch.sh, /mnt/htpcdrive/plex/tv/The Jim Gaffigan Show/Season 01/The.Jim.Gaffigan.Show.S01E07.720p.HDTV.mkv, IN_MOVED_TO]
2016-07-08 09:56:05 DEBUG JobAPI:97 - Output = 
2016-07-08 10:06:05 INFO  JobAPI:69 - hostname=UBUNTU-QOTOM
2016-07-08 10:06:05 INFO  JobAPI:73 - file=/mnt/htpcdrive/plex/tv/The Jim Gaffigan Show/Season 01/The.Jim.Gaffigan.Show.S01E06.SDTV.mp4, event=IN_MOVED_TO
2016-07-08 10:06:05 DEBUG JobAPI:80 - ProcessBuilder = [sudo, -u, paulf, -i, /mnt/htpcdrive/plex/conv/scripts/plex_video_iwatch.sh, /mnt/htpcdrive/plex/tv/The Jim Gaffigan Show/Season 01/The.Jim.Gaffigan.Show.S01E06.SDTV.mp4, IN_MOVED_TO]
2016-07-08 10:06:05 DEBUG JobAPI:97 - Output = 
2016-07-08 10:06:11 INFO  JobAPI:69 - hostname=UBUNTU-QOTOM
2016-07-08 10:06:11 INFO  JobAPI:73 - file=/mnt/htpcdrive/plex/tv/The Jim Gaffigan Show/Season 01/The.Jim.Gaffigan.Show.S01E05.720p.HDTV.mkv, event=IN_MOVED_TO
2016-07-08 10:06:11 DEBUG JobAPI:80 - ProcessBuilder = [sudo, -u, paulf, -i, /mnt/htpcdrive/plex/conv/scripts/plex_video_iwatch.sh, /mnt/htpcdrive/plex/tv/The Jim Gaffigan Show/Season 01/The.Jim.Gaffigan.Show.S01E05.720p.HDTV.mkv, IN_MOVED_TO]
2016-07-08 10:06:12 DEBUG JobAPI:97 - Output = 
2016-07-08 10:16:03 INFO  JobAPI:69 - hostname=UBUNTU-QOTOM
2016-07-08 10:16:03 INFO  JobAPI:73 - file=/mnt/htpcdrive/plex/tv/The Jim Gaffigan Show/Season 02/The.Jim.Gaffigan.Show.S02E03.720p.HDTV.mkv, event=IN_MOVED_TO
2016-07-08 10:16:03 DEBUG JobAPI:80 - ProcessBuilder = [sudo, -u, paulf, -i, /mnt/htpcdrive/plex/conv/scripts/plex_video_iwatch.sh, /mnt/htpcdrive/plex/tv/The Jim Gaffigan Show/Season 02/The.Jim.Gaffigan.Show.S02E03.720p.HDTV.mkv, IN_MOVED_TO]
2016-07-08 10:16:03 DEBUG JobAPI:97 - Output = 
2016-07-08 10:16:09 INFO  JobAPI:69 - hostname=UBUNTU-QOTOM
2016-07-08 10:16:09 INFO  JobAPI:73 - file=/mnt/htpcdrive/plex/tv/The Jim Gaffigan Show/Season 02/The.Jim.Gaffigan.Show.S02E01.720p.WEB.DL.mkv, event=IN_MOVED_TO
2016-07-08 10:16:09 DEBUG JobAPI:80 - ProcessBuilder = [sudo, -u, paulf, -i, /mnt/htpcdrive/plex/conv/scripts/plex_video_iwatch.sh, /mnt/htpcdrive/plex/tv/The Jim Gaffigan Show/Season 02/The.Jim.Gaffigan.Show.S02E01.720p.WEB.DL.mkv, IN_MOVED_TO]
2016-07-08 10:16:10 DEBUG JobAPI:97 - Output = 
2016-07-09 23:17:57 INFO  JobAPI:69 - hostname=UBUNTU-QOTOM
2016-07-09 23:17:57 INFO  JobAPI:73 - file=/mnt/htpcdrive/plex/tv/Outlander/Season 02/Outlander.S02E13.720p.HDTV.mkv, event=IN_MOVED_TO
2016-07-09 23:17:57 DEBUG JobAPI:80 - ProcessBuilder = [sudo, -u, paulf, -i, /mnt/htpcdrive/plex/conv/scripts/plex_video_iwatch.sh, /mnt/htpcdrive/plex/tv/Outlander/Season 02/Outlander.S02E13.720p.HDTV.mkv, IN_MOVED_TO]
2016-07-09 23:17:58 DEBUG JobAPI:97 - Output = 
2016-07-10 17:37:06 INFO  JobAPI:69 - hostname=UBUNTU-QOTOM
2016-07-10 17:37:06 INFO  JobAPI:73 - file=/mnt/htpcdrive/plex/tv/Difficult People/Season 01/Difficult.People.S01E05.SDTV.mp4, event=IN_MOVED_TO
2016-07-10 17:37:06 DEBUG JobAPI:80 - ProcessBuilder = [sudo, -u, paulf, -i, /mnt/htpcdrive/plex/conv/scripts/plex_video_iwatch.sh, /mnt/htpcdrive/plex/tv/Difficult People/Season 01/Difficult.People.S01E05.SDTV.mp4, IN_MOVED_TO]
2016-07-10 17:37:06 DEBUG JobAPI:97 - Output = 
2016-07-10 17:37:14 INFO  JobAPI:69 - hostname=UBUNTU-QOTOM
2016-07-10 17:37:14 INFO  JobAPI:73 - file=/mnt/htpcdrive/plex/tv/Difficult People/Season 01/Difficult.People.S01E03.SDTV.mp4, event=IN_MOVED_TO
2016-07-10 17:37:14 DEBUG JobAPI:80 - ProcessBuilder = [sudo, -u, paulf, -i, /mnt/htpcdrive/plex/conv/scripts/plex_video_iwatch.sh, /mnt/htpcdrive/plex/tv/Difficult People/Season 01/Difficult.People.S01E03.SDTV.mp4, IN_MOVED_TO]
2016-07-10 17:37:14 DEBUG JobAPI:97 - Output = 
2016-07-10 17:37:20 INFO  JobAPI:69 - hostname=UBUNTU-QOTOM
2016-07-10 17:37:20 INFO  JobAPI:73 - file=/mnt/htpcdrive/plex/tv/Difficult People/Season 01/Difficult.People.S01E01.SDTV.mp4, event=IN_MOVED_TO
2016-07-10 17:37:20 DEBUG JobAPI:80 - ProcessBuilder = [sudo, -u, paulf, -i, /mnt/htpcdrive/plex/conv/scripts/plex_video_iwatch.sh, /mnt/htpcdrive/plex/tv/Difficult People/Season 01/Difficult.People.S01E01.SDTV.mp4, IN_MOVED_TO]
2016-07-10 17:37:20 DEBUG JobAPI:97 - Output = 
2016-07-10 17:37:27 INFO  JobAPI:69 - hostname=UBUNTU-QOTOM
2016-07-10 17:37:27 INFO  JobAPI:73 - file=/mnt/htpcdrive/plex/tv/Difficult People/Season 01/Difficult.People.S01E04.SDTV.mp4, event=IN_MOVED_TO
2016-07-10 17:37:27 DEBUG JobAPI:80 - ProcessBuilder = [sudo, -u, paulf, -i, /mnt/htpcdrive/plex/conv/scripts/plex_video_iwatch.sh, /mnt/htpcdrive/plex/tv/Difficult People/Season 01/Difficult.People.S01E04.SDTV.mp4, IN_MOVED_TO]
2016-07-10 17:37:27 DEBUG JobAPI:97 - Output = 
2016-07-10 17:37:34 INFO  JobAPI:69 - hostname=UBUNTU-QOTOM
2016-07-10 17:37:34 INFO  JobAPI:73 - file=/mnt/htpcdrive/plex/tv/Difficult People/Season 01/Difficult.People.S01E02.SDTV.mp4, event=IN_MOVED_TO
2016-07-10 17:37:34 DEBUG JobAPI:80 - ProcessBuilder = [sudo, -u, paulf, -i, /mnt/htpcdrive/plex/conv/scripts/plex_video_iwatch.sh, /mnt/htpcdrive/plex/tv/Difficult People/Season 01/Difficult.People.S01E02.SDTV.mp4, IN_MOVED_TO]
2016-07-10 17:37:35 DEBUG JobAPI:97 - Output = 
2016-07-10 17:47:03 INFO  JobAPI:69 - hostname=UBUNTU-QOTOM
2016-07-10 17:47:03 INFO  JobAPI:73 - file=/mnt/htpcdrive/plex/tv/Difficult People/Season 01/Difficult.People.S01E06.SDTV.mp4, event=IN_MOVED_TO
2016-07-10 17:47:03 DEBUG JobAPI:80 - ProcessBuilder = [sudo, -u, paulf, -i, /mnt/htpcdrive/plex/conv/scripts/plex_video_iwatch.sh, /mnt/htpcdrive/plex/tv/Difficult People/Season 01/Difficult.People.S01E06.SDTV.mp4, IN_MOVED_TO]
2016-07-10 17:47:03 DEBUG JobAPI:97 - Output = 
2016-07-10 17:47:09 INFO  JobAPI:69 - hostname=UBUNTU-QOTOM
2016-07-10 17:47:09 INFO  JobAPI:73 - file=/mnt/htpcdrive/plex/tv/Difficult People/Season 01/Difficult.People.S01E07.SDTV.mp4, event=IN_MOVED_TO
2016-07-10 17:47:09 DEBUG JobAPI:80 - ProcessBuilder = [sudo, -u, paulf, -i, /mnt/htpcdrive/plex/conv/scripts/plex_video_iwatch.sh, /mnt/htpcdrive/plex/tv/Difficult People/Season 01/Difficult.People.S01E07.SDTV.mp4, IN_MOVED_TO]
2016-07-10 17:47:09 DEBUG JobAPI:97 - Output = 
2016-07-10 17:57:10 INFO  JobAPI:69 - hostname=UBUNTU-QOTOM
2016-07-10 17:57:10 INFO  JobAPI:73 - file=/mnt/htpcdrive/plex/tv/Difficult People/Season 01/Difficult.People.S01E08.SDTV.mp4, event=IN_MOVED_TO
2016-07-10 17:57:10 DEBUG JobAPI:80 - ProcessBuilder = [sudo, -u, paulf, -i, /mnt/htpcdrive/plex/conv/scripts/plex_video_iwatch.sh, /mnt/htpcdrive/plex/tv/Difficult People/Season 01/Difficult.People.S01E08.SDTV.mp4, IN_MOVED_TO]
2016-07-10 17:57:11 DEBUG JobAPI:97 - Output = 
2016-07-10 23:09:28 INFO  JobAPI:69 - hostname=UBUNTU-QOTOM
2016-07-10 23:09:28 INFO  JobAPI:73 - file=/mnt/htpcdrive/plex/tv/The Jim Gaffigan Show/Season 02/The.Jim.Gaffigan.Show.S02E05.720p.HDTV.mkv, event=IN_MOVED_TO
2016-07-10 23:09:28 DEBUG JobAPI:80 - ProcessBuilder = [sudo, -u, paulf, -i, /mnt/htpcdrive/plex/conv/scripts/plex_video_iwatch.sh, /mnt/htpcdrive/plex/tv/The Jim Gaffigan Show/Season 02/The.Jim.Gaffigan.Show.S02E05.720p.HDTV.mkv, IN_MOVED_TO]
2016-07-10 23:09:28 DEBUG JobAPI:97 - Output = 
2016-07-10 23:09:35 INFO  JobAPI:69 - hostname=UBUNTU-QOTOM
2016-07-10 23:09:35 INFO  JobAPI:73 - file=/mnt/htpcdrive/plex/tv/Preacher/Season 01/Preacher.S01E07.720p.HDTV.mkv, event=IN_MOVED_TO
2016-07-10 23:09:35 DEBUG JobAPI:80 - ProcessBuilder = [sudo, -u, paulf, -i, /mnt/htpcdrive/plex/conv/scripts/plex_video_iwatch.sh, /mnt/htpcdrive/plex/tv/Preacher/Season 01/Preacher.S01E07.720p.HDTV.mkv, IN_MOVED_TO]
2016-07-10 23:09:35 DEBUG JobAPI:97 - Output = 
2016-07-11 12:40:05 INFO  JobAPI:69 - hostname=UBUNTU-QOTOM
2016-07-11 12:40:05 INFO  JobAPI:73 - file=/mnt/htpcdrive/plex/tv/The Night Of/Season 01/The.Night.Of.S01E01.720p.HDTV.mkv, event=IN_MOVED_TO
2016-07-11 12:40:05 DEBUG JobAPI:80 - ProcessBuilder = [sudo, -u, paulf, -i, /mnt/htpcdrive/plex/conv/scripts/plex_video_iwatch.sh, /mnt/htpcdrive/plex/tv/The Night Of/Season 01/The.Night.Of.S01E01.720p.HDTV.mkv, IN_MOVED_TO]
2016-07-11 12:40:05 DEBUG JobAPI:97 - Output = 
2016-07-11 23:41:48 INFO  JobAPI:69 - hostname=UBUNTU-QOTOM
2016-07-11 23:41:48 INFO  JobAPI:73 - file=/mnt/htpcdrive/plex/tv/Odd Mom Out/Season 02/Odd.Mom.Out.S02E03.720p.HDTV.mkv, event=IN_MOVED_TO
2016-07-11 23:41:48 DEBUG JobAPI:80 - ProcessBuilder = [sudo, -u, paulf, -i, /mnt/htpcdrive/plex/conv/scripts/plex_video_iwatch.sh, /mnt/htpcdrive/plex/tv/Odd Mom Out/Season 02/Odd.Mom.Out.S02E03.720p.HDTV.mkv, IN_MOVED_TO]
2016-07-11 23:41:49 DEBUG JobAPI:97 - Output = 
2016-07-12 02:27:50 INFO  JobAPI:69 - hostname=UBUNTU-QOTOM
2016-07-12 02:27:50 INFO  JobAPI:73 - file=/mnt/htpcdrive/plex/tv/12 Monkeys/Season 02/12.Monkeys.S02E12.720p.HDTV.mkv, event=IN_MOVED_TO
2016-07-12 02:27:50 DEBUG JobAPI:80 - ProcessBuilder = [sudo, -u, paulf, -i, /mnt/htpcdrive/plex/conv/scripts/plex_video_iwatch.sh, /mnt/htpcdrive/plex/tv/12 Monkeys/Season 02/12.Monkeys.S02E12.720p.HDTV.mkv, IN_MOVED_TO]
2016-07-12 02:27:51 DEBUG JobAPI:97 - Output = 
2016-07-12 02:38:31 INFO  JobAPI:69 - hostname=UBUNTU-QOTOM
2016-07-12 02:38:31 INFO  JobAPI:73 - file=/mnt/htpcdrive/plex/tv/12 Monkeys/Season 02/12.Monkeys.S02E10.720p.HDTV.mkv, event=IN_MOVED_TO
2016-07-12 02:38:31 DEBUG JobAPI:80 - ProcessBuilder = [sudo, -u, paulf, -i, /mnt/htpcdrive/plex/conv/scripts/plex_video_iwatch.sh, /mnt/htpcdrive/plex/tv/12 Monkeys/Season 02/12.Monkeys.S02E10.720p.HDTV.mkv, IN_MOVED_TO]
2016-07-12 02:38:33 DEBUG JobAPI:97 - Output = 
2016-07-12 02:38:52 INFO  JobAPI:69 - hostname=UBUNTU-QOTOM
2016-07-12 02:38:52 INFO  JobAPI:73 - file=/mnt/htpcdrive/plex/tv/12 Monkeys/Season 02/12.Monkeys.S02E04.720p.HDTV.mkv, event=IN_MOVED_TO
2016-07-12 02:38:52 DEBUG JobAPI:80 - ProcessBuilder = [sudo, -u, paulf, -i, /mnt/htpcdrive/plex/conv/scripts/plex_video_iwatch.sh, /mnt/htpcdrive/plex/tv/12 Monkeys/Season 02/12.Monkeys.S02E04.720p.HDTV.mkv, IN_MOVED_TO]
2016-07-12 02:38:52 DEBUG JobAPI:97 - Output = 
2016-07-12 02:58:23 INFO  JobAPI:69 - hostname=UBUNTU-QOTOM
2016-07-12 02:58:23 INFO  JobAPI:73 - file=/mnt/htpcdrive/plex/tv/12 Monkeys/Season 02/12.Monkeys.S02E07.720p.HDTV.mkv, event=IN_MOVED_TO
2016-07-12 02:58:23 DEBUG JobAPI:80 - ProcessBuilder = [sudo, -u, paulf, -i, /mnt/htpcdrive/plex/conv/scripts/plex_video_iwatch.sh, /mnt/htpcdrive/plex/tv/12 Monkeys/Season 02/12.Monkeys.S02E07.720p.HDTV.mkv, IN_MOVED_TO]
2016-07-12 02:58:24 DEBUG JobAPI:97 - Output = 
2016-07-12 03:17:41 INFO  JobAPI:69 - hostname=UBUNTU-QOTOM
2016-07-12 03:17:41 INFO  JobAPI:73 - file=/mnt/htpcdrive/plex/tv/12 Monkeys/Season 02/12.Monkeys.S02E02.720p.HDTV.mkv, event=IN_MOVED_TO
2016-07-12 03:17:41 DEBUG JobAPI:80 - ProcessBuilder = [sudo, -u, paulf, -i, /mnt/htpcdrive/plex/conv/scripts/plex_video_iwatch.sh, /mnt/htpcdrive/plex/tv/12 Monkeys/Season 02/12.Monkeys.S02E02.720p.HDTV.mkv, IN_MOVED_TO]
2016-07-12 03:17:41 DEBUG JobAPI:97 - Output = 
2016-07-12 03:17:50 INFO  JobAPI:69 - hostname=UBUNTU-QOTOM
2016-07-12 03:17:50 INFO  JobAPI:73 - file=/mnt/htpcdrive/plex/tv/12 Monkeys/Season 02/12.Monkeys.S02E01.720p.HDTV.mkv, event=IN_MOVED_TO
2016-07-12 03:17:50 DEBUG JobAPI:80 - ProcessBuilder = [sudo, -u, paulf, -i, /mnt/htpcdrive/plex/conv/scripts/plex_video_iwatch.sh, /mnt/htpcdrive/plex/tv/12 Monkeys/Season 02/12.Monkeys.S02E01.720p.HDTV.mkv, IN_MOVED_TO]
2016-07-12 03:17:50 DEBUG JobAPI:97 - Output = 
2016-07-12 03:48:04 INFO  JobAPI:69 - hostname=UBUNTU-QOTOM
2016-07-12 03:48:04 INFO  JobAPI:73 - file=/mnt/htpcdrive/plex/tv/12 Monkeys/Season 02/12.Monkeys.S02E05.720p.HDTV.mkv, event=IN_MOVED_TO
2016-07-12 03:48:04 DEBUG JobAPI:80 - ProcessBuilder = [sudo, -u, paulf, -i, /mnt/htpcdrive/plex/conv/scripts/plex_video_iwatch.sh, /mnt/htpcdrive/plex/tv/12 Monkeys/Season 02/12.Monkeys.S02E05.720p.HDTV.mkv, IN_MOVED_TO]
2016-07-12 03:48:04 DEBUG JobAPI:97 - Output = 
2016-07-12 03:48:14 INFO  JobAPI:69 - hostname=UBUNTU-QOTOM
2016-07-12 03:48:14 INFO  JobAPI:73 - file=/mnt/htpcdrive/plex/tv/12 Monkeys/Season 02/12.Monkeys.S02E06.720p.HDTV.mkv, event=IN_MOVED_TO
2016-07-12 03:48:14 DEBUG JobAPI:80 - ProcessBuilder = [sudo, -u, paulf, -i, /mnt/htpcdrive/plex/conv/scripts/plex_video_iwatch.sh, /mnt/htpcdrive/plex/tv/12 Monkeys/Season 02/12.Monkeys.S02E06.720p.HDTV.mkv, IN_MOVED_TO]
2016-07-12 03:48:15 DEBUG JobAPI:97 - Output = 
2016-07-12 03:48:36 INFO  JobAPI:69 - hostname=UBUNTU-QOTOM
2016-07-12 03:48:36 INFO  JobAPI:73 - file=/mnt/htpcdrive/plex/tv/UnREAL/Season 02/UnREAL.S02E06.720p.HDTV.mkv, event=IN_MOVED_TO
2016-07-12 03:48:36 DEBUG JobAPI:80 - ProcessBuilder = [sudo, -u, paulf, -i, /mnt/htpcdrive/plex/conv/scripts/plex_video_iwatch.sh, /mnt/htpcdrive/plex/tv/UnREAL/Season 02/UnREAL.S02E06.720p.HDTV.mkv, IN_MOVED_TO]
2016-07-12 03:48:36 DEBUG JobAPI:97 - Output = 
2016-07-12 04:27:48 INFO  JobAPI:69 - hostname=UBUNTU-QOTOM
2016-07-12 04:27:48 INFO  JobAPI:73 - file=/mnt/htpcdrive/plex/tv/12 Monkeys/Season 02/12.Monkeys.S02E11.720p.WEB.DL.mkv, event=IN_MOVED_TO
2016-07-12 04:27:48 DEBUG JobAPI:80 - ProcessBuilder = [sudo, -u, paulf, -i, /mnt/htpcdrive/plex/conv/scripts/plex_video_iwatch.sh, /mnt/htpcdrive/plex/tv/12 Monkeys/Season 02/12.Monkeys.S02E11.720p.WEB.DL.mkv, IN_MOVED_TO]
2016-07-12 04:27:48 DEBUG JobAPI:97 - Output = 
2016-07-12 04:28:00 INFO  JobAPI:69 - hostname=UBUNTU-QOTOM
2016-07-12 04:28:00 INFO  JobAPI:73 - file=/mnt/htpcdrive/plex/tv/12 Monkeys/Season 02/12.Monkeys.S02E03.720p.HDTV.mkv, event=IN_MOVED_TO
2016-07-12 04:28:00 DEBUG JobAPI:80 - ProcessBuilder = [sudo, -u, paulf, -i, /mnt/htpcdrive/plex/conv/scripts/plex_video_iwatch.sh, /mnt/htpcdrive/plex/tv/12 Monkeys/Season 02/12.Monkeys.S02E03.720p.HDTV.mkv, IN_MOVED_TO]
2016-07-12 04:28:01 DEBUG JobAPI:97 - Output = 
2016-07-12 04:47:40 INFO  JobAPI:69 - hostname=UBUNTU-QOTOM
2016-07-12 04:47:40 INFO  JobAPI:73 - file=/mnt/htpcdrive/plex/tv/12 Monkeys/Season 02/12.Monkeys.S02E09.720p.WEB.DL.mkv, event=IN_MOVED_TO
2016-07-12 04:47:40 DEBUG JobAPI:80 - ProcessBuilder = [sudo, -u, paulf, -i, /mnt/htpcdrive/plex/conv/scripts/plex_video_iwatch.sh, /mnt/htpcdrive/plex/tv/12 Monkeys/Season 02/12.Monkeys.S02E09.720p.WEB.DL.mkv, IN_MOVED_TO]
2016-07-12 04:47:41 DEBUG JobAPI:97 - Output = 
2016-07-12 05:37:43 INFO  JobAPI:69 - hostname=UBUNTU-QOTOM
2016-07-12 05:37:43 INFO  JobAPI:73 - file=/mnt/htpcdrive/plex/tv/12 Monkeys/Season 02/12.Monkeys.S02E08.720p.WEB.DL.mkv, event=IN_MOVED_TO
2016-07-12 05:37:43 DEBUG JobAPI:80 - ProcessBuilder = [sudo, -u, paulf, -i, /mnt/htpcdrive/plex/conv/scripts/plex_video_iwatch.sh, /mnt/htpcdrive/plex/tv/12 Monkeys/Season 02/12.Monkeys.S02E08.720p.WEB.DL.mkv, IN_MOVED_TO]
2016-07-12 05:37:44 DEBUG JobAPI:97 - Output = 
2016-07-12 09:47:52 INFO  JobAPI:69 - hostname=UBUNTU-QOTOM
2016-07-12 09:47:52 INFO  JobAPI:73 - file=/mnt/htpcdrive/plex/tv/Difficult People/Season 02/Difficult.People.S02E01.720p.WEB.DL.mkv, event=IN_MOVED_TO
2016-07-12 09:47:52 DEBUG JobAPI:80 - ProcessBuilder = [sudo, -u, paulf, -i, /mnt/htpcdrive/plex/conv/scripts/plex_video_iwatch.sh, /mnt/htpcdrive/plex/tv/Difficult People/Season 02/Difficult.People.S02E01.720p.WEB.DL.mkv, IN_MOVED_TO]
2016-07-12 09:47:52 DEBUG JobAPI:97 - Output = 
2016-07-12 10:07:51 INFO  JobAPI:69 - hostname=UBUNTU-QOTOM
2016-07-12 10:07:51 INFO  JobAPI:73 - file=/mnt/htpcdrive/plex/tv/Difficult People/Season 02/Difficult.People.S02E02.720p.WEB.DL.mkv, event=IN_MOVED_TO
2016-07-12 10:07:51 DEBUG JobAPI:80 - ProcessBuilder = [sudo, -u, paulf, -i, /mnt/htpcdrive/plex/conv/scripts/plex_video_iwatch.sh, /mnt/htpcdrive/plex/tv/Difficult People/Season 02/Difficult.People.S02E02.720p.WEB.DL.mkv, IN_MOVED_TO]
2016-07-12 10:07:51 DEBUG JobAPI:97 - Output = 
2016-07-12 14:38:06 INFO  JobAPI:69 - hostname=UBUNTU-QOTOM
2016-07-12 14:38:06 INFO  JobAPI:73 - file=/mnt/htpcdrive/plex/tv/Outlander/Season 01/Outlander.S01E03.720p.HDTV.mkv, event=IN_MOVED_TO
2016-07-12 14:38:06 DEBUG JobAPI:80 - ProcessBuilder = [sudo, -u, paulf, -i, /mnt/htpcdrive/plex/conv/scripts/plex_video_iwatch.sh, /mnt/htpcdrive/plex/tv/Outlander/Season 01/Outlander.S01E03.720p.HDTV.mkv, IN_MOVED_TO]
2016-07-12 14:38:06 DEBUG JobAPI:97 - Output = 
2016-07-12 15:08:04 INFO  JobAPI:69 - hostname=UBUNTU-QOTOM
2016-07-12 15:08:04 INFO  JobAPI:73 - file=/mnt/htpcdrive/plex/tv/Outlander/Season 01/Outlander.S01E15.720p.HDTV.mkv, event=IN_MOVED_TO
2016-07-12 15:08:04 DEBUG JobAPI:80 - ProcessBuilder = [sudo, -u, paulf, -i, /mnt/htpcdrive/plex/conv/scripts/plex_video_iwatch.sh, /mnt/htpcdrive/plex/tv/Outlander/Season 01/Outlander.S01E15.720p.HDTV.mkv, IN_MOVED_TO]
2016-07-12 15:08:05 DEBUG JobAPI:97 - Output = 
2016-07-12 22:39:58 INFO  JobAPI:69 - hostname=UBUNTU-QOTOM
2016-07-12 22:39:58 INFO  JobAPI:73 - file=/mnt/htpcdrive/plex/tv/Zoo/Season 02/Zoo.S02E04.720p.HDTV.mkv, event=IN_MOVED_TO
2016-07-12 22:39:58 DEBUG JobAPI:80 - ProcessBuilder = [sudo, -u, paulf, -i, /mnt/htpcdrive/plex/conv/scripts/plex_video_iwatch.sh, /mnt/htpcdrive/plex/tv/Zoo/Season 02/Zoo.S02E04.720p.HDTV.mkv, IN_MOVED_TO]
2016-07-12 22:39:58 DEBUG JobAPI:97 - Output = 
2016-07-12 23:39:59 INFO  JobAPI:69 - hostname=UBUNTU-QOTOM
2016-07-12 23:39:59 INFO  JobAPI:73 - file=/mnt/htpcdrive/plex/tv/Major Crimes/Season 05/Major.Crimes.S05E04.SDTV.mp4, event=IN_MOVED_TO
2016-07-12 23:39:59 DEBUG JobAPI:80 - ProcessBuilder = [sudo, -u, paulf, -i, /mnt/htpcdrive/plex/conv/scripts/plex_video_iwatch.sh, /mnt/htpcdrive/plex/tv/Major Crimes/Season 05/Major.Crimes.S05E04.SDTV.mp4, IN_MOVED_TO]
2016-07-12 23:39:59 DEBUG JobAPI:97 - Output = 
2016-07-13 07:40:32 INFO  JobAPI:69 - hostname=UBUNTU-QOTOM
2016-07-13 07:40:32 INFO  JobAPI:73 - file=/mnt/htpcdrive/plex/tv/Odd Mom Out/Season 02/Odd.Mom.Out.S02E04.720p.HDTV.mkv, event=IN_MOVED_TO
2016-07-13 07:40:32 DEBUG JobAPI:80 - ProcessBuilder = [sudo, -u, paulf, -i, /mnt/htpcdrive/plex/conv/scripts/plex_video_iwatch.sh, /mnt/htpcdrive/plex/tv/Odd Mom Out/Season 02/Odd.Mom.Out.S02E04.720p.HDTV.mkv, IN_MOVED_TO]
2016-07-13 07:40:32 DEBUG JobAPI:97 - Output = 
2016-07-13 22:41:06 INFO  JobAPI:69 - hostname=UBUNTU-QOTOM
2016-07-13 22:41:06 INFO  JobAPI:73 - file=/mnt/htpcdrive/plex/tv/Wayward Pines/Season 02/Wayward.Pines.S02E08.720p.HDTV.mkv, event=IN_MOVED_TO
2016-07-13 22:41:06 DEBUG JobAPI:80 - ProcessBuilder = [sudo, -u, paulf, -i, /mnt/htpcdrive/plex/conv/scripts/plex_video_iwatch.sh, /mnt/htpcdrive/plex/tv/Wayward Pines/Season 02/Wayward.Pines.S02E08.720p.HDTV.mkv, IN_MOVED_TO]
2016-07-13 22:41:06 DEBUG JobAPI:97 - Output = 
2016-07-13 23:31:09 INFO  JobAPI:69 - hostname=UBUNTU-QOTOM
2016-07-13 23:31:09 INFO  JobAPI:73 - file=/mnt/htpcdrive/plex/tv/Mr. Robot/Season 02/Mr.Robot.S02E01.720p.HDTV.mkv, event=IN_MOVED_TO
2016-07-13 23:31:09 DEBUG JobAPI:80 - ProcessBuilder = [sudo, -u, paulf, -i, /mnt/htpcdrive/plex/conv/scripts/plex_video_iwatch.sh, /mnt/htpcdrive/plex/tv/Mr. Robot/Season 02/Mr.Robot.S02E01.720p.HDTV.mkv, IN_MOVED_TO]
2016-07-13 23:31:09 DEBUG JobAPI:97 - Output = 
2016-07-14 00:01:09 INFO  JobAPI:69 - hostname=UBUNTU-QOTOM
2016-07-14 00:01:09 INFO  JobAPI:73 - file=/mnt/htpcdrive/plex/tv/Mr. Robot/Season 02/Mr.Robot.S02E02.720p.HDTV.mkv, event=IN_MOVED_TO
2016-07-14 00:01:09 DEBUG JobAPI:80 - ProcessBuilder = [sudo, -u, paulf, -i, /mnt/htpcdrive/plex/conv/scripts/plex_video_iwatch.sh, /mnt/htpcdrive/plex/tv/Mr. Robot/Season 02/Mr.Robot.S02E02.720p.HDTV.mkv, IN_MOVED_TO]
2016-07-14 00:01:09 DEBUG JobAPI:97 - Output = 
2016-07-14 22:12:52 INFO  JobAPI:69 - hostname=UBUNTU-QOTOM
2016-07-14 22:12:52 INFO  JobAPI:73 - file=/mnt/htpcdrive/plex/tv/Flipping Out/Season 09/Flipping.Out.S09E01.SDTV.mp4, event=IN_MOVED_TO
2016-07-14 22:12:52 DEBUG JobAPI:80 - ProcessBuilder = [sudo, -u, paulf, -i, /mnt/htpcdrive/plex/conv/scripts/plex_video_iwatch.sh, /mnt/htpcdrive/plex/tv/Flipping Out/Season 09/Flipping.Out.S09E01.SDTV.mp4, IN_MOVED_TO]
2016-07-14 22:12:52 DEBUG JobAPI:97 - Output = 
2016-07-14 23:42:57 INFO  JobAPI:69 - hostname=UBUNTU-QOTOM
2016-07-14 23:42:57 INFO  JobAPI:73 - file=/mnt/htpcdrive/plex/tv/Queen of the South/Season 01/Queen.of.the.South.S01E04.720p.HDTV.mkv, event=IN_MOVED_TO
2016-07-14 23:42:57 DEBUG JobAPI:80 - ProcessBuilder = [sudo, -u, paulf, -i, /mnt/htpcdrive/plex/conv/scripts/plex_video_iwatch.sh, /mnt/htpcdrive/plex/tv/Queen of the South/Season 01/Queen.of.the.South.S01E04.720p.HDTV.mkv, IN_MOVED_TO]
2016-07-14 23:42:57 DEBUG JobAPI:97 - Output = 
2016-07-15 10:23:25 INFO  JobAPI:69 - hostname=UBUNTU-QOTOM
2016-07-15 10:23:25 INFO  JobAPI:73 - file=/mnt/htpcdrive/plex/tv/Flipping Out/Season 09/Flipping.Out.S09E02.SDTV.mp4, event=IN_MOVED_TO
2016-07-15 10:23:25 DEBUG JobAPI:80 - ProcessBuilder = [sudo, -u, paulf, -i, /mnt/htpcdrive/plex/conv/scripts/plex_video_iwatch.sh, /mnt/htpcdrive/plex/tv/Flipping Out/Season 09/Flipping.Out.S09E02.SDTV.mp4, IN_MOVED_TO]
2016-07-15 10:23:26 DEBUG JobAPI:97 - Output = 
2016-07-16 12:54:53 INFO  JobAPI:69 - hostname=UBUNTU-QOTOM
2016-07-16 12:54:53 INFO  JobAPI:73 - file=/mnt/htpcdrive/plex/tv/Outcast/Season 01/Outcast.S01E06.720p.HDTV.mkv, event=IN_MOVED_TO
2016-07-16 12:54:53 DEBUG JobAPI:80 - ProcessBuilder = [sudo, -u, paulf, -i, /mnt/htpcdrive/plex/conv/scripts/plex_video_iwatch.sh, /mnt/htpcdrive/plex/tv/Outcast/Season 01/Outcast.S01E06.720p.HDTV.mkv, IN_MOVED_TO]
2016-07-16 12:54:53 DEBUG JobAPI:97 - Output = 
2016-07-17 22:47:27 INFO  JobAPI:69 - hostname=UBUNTU-QOTOM
2016-07-17 22:47:27 INFO  JobAPI:73 - file=/mnt/htpcdrive/plex/tv/Preacher/Season 01/Preacher.S01E08.720p.HDTV.mkv, event=IN_MOVED_TO
2016-07-17 22:47:27 DEBUG JobAPI:80 - ProcessBuilder = [sudo, -u, paulf, -i, /mnt/htpcdrive/plex/conv/scripts/plex_video_iwatch.sh, /mnt/htpcdrive/plex/tv/Preacher/Season 01/Preacher.S01E08.720p.HDTV.mkv, IN_MOVED_TO]
2016-07-17 22:47:28 DEBUG JobAPI:97 - Output = 
2016-07-17 23:28:27 ERROR JobAPI:42 - javax.servlet.ServletException: Missing file parameter!
2016-07-17 23:29:36 ERROR JobAPI:42 - javax.servlet.ServletException: Missing file parameter!
2016-07-17 23:32:02 ERROR JobAPI:42 - javax.servlet.ServletException: Missing file parameter!
2016-07-17 23:33:08 ERROR JobAPI:41 - javax.servlet.ServletException: Missing file parameter!
2016-07-17 23:33:18 INFO  CouchPotatoWebHook:48 - Headers:
2016-07-17 23:33:18 INFO  CouchPotatoWebHook:53 - host=192.168.1.120:8080
2016-07-17 23:33:18 INFO  CouchPotatoWebHook:53 - connection=keep-alive
2016-07-17 23:33:18 INFO  CouchPotatoWebHook:53 - upgrade-insecure-requests=1
2016-07-17 23:33:18 INFO  CouchPotatoWebHook:53 - user-agent=Mozilla/5.0 (Windows NT 6.1; WOW64) AppleWebKit/537.36 (KHTML, like Gecko) Chrome/51.0.2704.103 Safari/537.36
2016-07-17 23:33:18 INFO  CouchPotatoWebHook:53 - accept=text/html,application/xhtml+xml,application/xml;q=0.9,image/webp,*/*;q=0.8
2016-07-17 23:33:18 INFO  CouchPotatoWebHook:53 - accept-encoding=gzip, deflate
2016-07-17 23:33:18 INFO  CouchPotatoWebHook:53 - accept-language=en-US,en;q=0.8,da;q=0.6,fr;q=0.4,es;q=0.2
2016-07-17 23:33:18 INFO  CouchPotatoWebHook:53 - cookie=_ga=GA1.1.1349644186.1464490008; session_id=81215d0de8aac0fbdf5c08477481c158db88f869
2016-07-17 23:33:18 INFO  CouchPotatoWebHook:58 - Parameters:
2016-07-17 23:36:24 INFO  CouchPotatoWebHook:48 - Headers:
2016-07-17 23:36:24 INFO  CouchPotatoWebHook:53 - host=192.168.1.120:8080
2016-07-17 23:36:24 INFO  CouchPotatoWebHook:53 - content-length=32
2016-07-17 23:36:24 INFO  CouchPotatoWebHook:53 - accept-encoding=gzip
2016-07-17 23:36:24 INFO  CouchPotatoWebHook:53 - accept=*/*
2016-07-17 23:36:24 INFO  CouchPotatoWebHook:53 - user-agent=Mozilla/5.0 (Macintosh; Intel Mac OS X 10.10; rv:40.0) Gecko/20100101 Firefox/40.0
2016-07-17 23:36:24 INFO  CouchPotatoWebHook:53 - connection=keep-alive
2016-07-17 23:36:24 INFO  CouchPotatoWebHook:53 - referer=http://192.168.1.120:8080
2016-07-17 23:36:24 INFO  CouchPotatoWebHook:53 - cache-control=max-age=0
2016-07-17 23:36:24 INFO  CouchPotatoWebHook:53 - content-type=application/x-www-form-urlencoded
2016-07-17 23:36:24 INFO  CouchPotatoWebHook:58 - Parameters:
2016-07-17 23:36:24 INFO  CouchPotatoWebHook:60 - message=ZOMG Lazors Pewpewpew!
2016-07-17 23:37:36 INFO  JobAPI:68 - hostname=UBUNTU-QOTOM
2016-07-17 23:37:36 INFO  JobAPI:72 - file=/mnt/htpcdrive/plex/tv/The Night Of/Season 01/The.Night.Of.S01E02.720p.HDTV.mkv, event=IN_MOVED_TO
2016-07-17 23:37:36 DEBUG JobExecutor:39 - ProcessBuilder = [sudo, -u, paulf, -i, /mnt/htpcdrive/plex/conv/scripts/plex_video_iwatch.sh, /mnt/htpcdrive/plex/tv/The Night Of/Season 01/The.Night.Of.S01E02.720p.HDTV.mkv, IN_MOVED_TO]
2016-07-17 23:37:37 DEBUG JobExecutor:56 - Output = 
2016-07-17 23:37:37 DEBUG JobAPI:83 - Output = 
2016-07-18 02:31:45 INFO  CouchPotatoWebHook:48 - Headers:
2016-07-18 02:31:45 INFO  CouchPotatoWebHook:53 - host=192.168.1.120:8080
2016-07-18 02:31:45 INFO  CouchPotatoWebHook:53 - content-length=55
2016-07-18 02:31:45 INFO  CouchPotatoWebHook:53 - accept-encoding=gzip
2016-07-18 02:31:45 INFO  CouchPotatoWebHook:53 - accept=*/*
2016-07-18 02:31:45 INFO  CouchPotatoWebHook:53 - user-agent=Mozilla/5.0 (Macintosh; Intel Mac OS X 10.10; rv:40.0) Gecko/20100101 Firefox/40.0
2016-07-18 02:31:45 INFO  CouchPotatoWebHook:53 - connection=keep-alive
2016-07-18 02:31:45 INFO  CouchPotatoWebHook:53 - referer=http://192.168.1.120:8080
2016-07-18 02:31:45 INFO  CouchPotatoWebHook:53 - cache-control=max-age=0
2016-07-18 02:31:45 INFO  CouchPotatoWebHook:53 - content-type=application/x-www-form-urlencoded
2016-07-18 02:31:45 INFO  CouchPotatoWebHook:58 - Parameters:
2016-07-18 02:31:45 INFO  CouchPotatoWebHook:60 - message=Downloaded Orlando (720p)
2016-07-18 02:31:45 INFO  CouchPotatoWebHook:60 - imdb_id=tt0107756
2016-07-18 04:47:47 INFO  JobAPI:68 - hostname=UBUNTU-QOTOM
2016-07-18 04:47:47 INFO  JobAPI:72 - file=/mnt/htpcdrive/plex/tv/The Jim Gaffigan Show/Season 02/The.Jim.Gaffigan.Show.S02E06.720p.HDTV.mkv, event=IN_MOVED_TO
2016-07-18 04:47:47 DEBUG JobExecutor:39 - ProcessBuilder = [sudo, -u, paulf, -i, /mnt/htpcdrive/plex/conv/scripts/plex_video_iwatch.sh, /mnt/htpcdrive/plex/tv/The Jim Gaffigan Show/Season 02/The.Jim.Gaffigan.Show.S02E06.720p.HDTV.mkv, IN_MOVED_TO]
2016-07-18 04:47:50 DEBUG JobExecutor:56 - Output = 
2016-07-18 04:47:50 DEBUG JobAPI:83 - Output = 
2016-07-18 21:32:21 INFO  CouchPotatoWebHook:48 - Headers:
2016-07-18 21:32:21 INFO  CouchPotatoWebHook:53 - host=192.168.1.120:8080
2016-07-18 21:32:21 INFO  CouchPotatoWebHook:53 - content-length=64
2016-07-18 21:32:21 INFO  CouchPotatoWebHook:53 - accept-encoding=gzip
2016-07-18 21:32:21 INFO  CouchPotatoWebHook:53 - accept=*/*
2016-07-18 21:32:21 INFO  CouchPotatoWebHook:53 - user-agent=Mozilla/5.0 (Macintosh; Intel Mac OS X 10.10; rv:40.0) Gecko/20100101 Firefox/40.0
2016-07-18 21:32:21 INFO  CouchPotatoWebHook:53 - connection=keep-alive
2016-07-18 21:32:21 INFO  CouchPotatoWebHook:53 - referer=http://192.168.1.120:8080
2016-07-18 21:32:21 INFO  CouchPotatoWebHook:53 - cache-control=max-age=0
2016-07-18 21:32:21 INFO  CouchPotatoWebHook:53 - content-type=application/x-www-form-urlencoded
2016-07-18 21:32:21 INFO  CouchPotatoWebHook:58 - Parameters:
2016-07-18 21:32:21 INFO  CouchPotatoWebHook:60 - message=Downloaded Now You See Me 2 (720p)
2016-07-18 21:32:21 INFO  CouchPotatoWebHook:60 - imdb_id=tt3110958
2016-07-19 00:30:03 INFO  JobAPI:68 - hostname=UBUNTU-QOTOM
2016-07-19 00:30:03 INFO  JobAPI:72 - file=/mnt/htpcdrive/plex/tv/Difficult People/Season 01/Difficult.People.S01E04.SDTV.mp4, event=IN_MOVED_TO
2016-07-19 00:30:03 DEBUG JobExecutor:39 - ProcessBuilder = [sudo, -u, paulf, -i, /mnt/htpcdrive/plex/conv/scripts/plex_video_iwatch.sh, /mnt/htpcdrive/plex/tv/Difficult People/Season 01/Difficult.People.S01E04.SDTV.mp4, IN_MOVED_TO]
2016-07-19 00:30:04 DEBUG JobExecutor:56 - Output = 
2016-07-19 00:30:04 DEBUG JobAPI:83 - Output = 
2016-07-19 00:30:19 INFO  JobAPI:68 - hostname=UBUNTU-QOTOM
2016-07-19 00:30:19 INFO  JobAPI:72 - file=/mnt/htpcdrive/plex/tv/Odd Mom Out/Season 02/Odd.Mom.Out.S02E05.720p.HDTV.mkv, event=IN_MOVED_TO
2016-07-19 00:30:19 DEBUG JobExecutor:39 - ProcessBuilder = [sudo, -u, paulf, -i, /mnt/htpcdrive/plex/conv/scripts/plex_video_iwatch.sh, /mnt/htpcdrive/plex/tv/Odd Mom Out/Season 02/Odd.Mom.Out.S02E05.720p.HDTV.mkv, IN_MOVED_TO]
2016-07-19 00:30:19 DEBUG JobExecutor:56 - Output = 
2016-07-19 00:30:19 DEBUG JobAPI:83 - Output = 
2016-07-19 00:39:47 INFO  JobAPI:68 - hostname=UBUNTU-QOTOM
2016-07-19 00:39:47 INFO  JobAPI:72 - file=/mnt/htpcdrive/plex/tv/Major Crimes/Season 05/Major.Crimes.S05E05.720p.HDTV.mkv, event=IN_MOVED_TO
2016-07-19 00:39:47 DEBUG JobExecutor:39 - ProcessBuilder = [sudo, -u, paulf, -i, /mnt/htpcdrive/plex/conv/scripts/plex_video_iwatch.sh, /mnt/htpcdrive/plex/tv/Major Crimes/Season 05/Major.Crimes.S05E05.720p.HDTV.mkv, IN_MOVED_TO]
2016-07-19 00:39:48 DEBUG JobExecutor:56 - Output = 
2016-07-19 00:39:48 DEBUG JobAPI:83 - Output = 
2016-07-19 00:39:55 INFO  JobAPI:68 - hostname=UBUNTU-QOTOM
2016-07-19 00:39:55 INFO  JobAPI:72 - file=/mnt/htpcdrive/plex/tv/UnREAL/Season 02/UnREAL.S02E07.720p.HDTV.mkv, event=IN_MOVED_TO
2016-07-19 00:39:55 DEBUG JobExecutor:39 - ProcessBuilder = [sudo, -u, paulf, -i, /mnt/htpcdrive/plex/conv/scripts/plex_video_iwatch.sh, /mnt/htpcdrive/plex/tv/UnREAL/Season 02/UnREAL.S02E07.720p.HDTV.mkv, IN_MOVED_TO]
2016-07-19 00:39:56 DEBUG JobExecutor:56 - Output = 
2016-07-19 00:39:56 DEBUG JobAPI:83 - Output = 
2016-07-19 00:49:46 INFO  JobAPI:68 - hostname=UBUNTU-QOTOM
2016-07-19 00:49:46 INFO  JobAPI:72 - file=/mnt/htpcdrive/plex/tv/12 Monkeys/Season 02/12.Monkeys.S02E13.720p.HDTV.mkv, event=IN_MOVED_TO
2016-07-19 00:49:46 DEBUG JobExecutor:39 - ProcessBuilder = [sudo, -u, paulf, -i, /mnt/htpcdrive/plex/conv/scripts/plex_video_iwatch.sh, /mnt/htpcdrive/plex/tv/12 Monkeys/Season 02/12.Monkeys.S02E13.720p.HDTV.mkv, IN_MOVED_TO]
2016-07-19 00:49:46 DEBUG JobExecutor:56 - Output = 
2016-07-19 00:49:46 DEBUG JobAPI:83 - Output = 
2016-07-19 07:30:12 INFO  JobAPI:68 - hostname=UBUNTU-QOTOM
2016-07-19 07:30:12 INFO  JobAPI:72 - file=/mnt/htpcdrive/plex/tv/Full Frontal With Samantha Bee/Season 01/Full.Frontal.With.Samantha.Bee.S01E18.720p.HDTV.mkv, event=IN_MOVED_TO
2016-07-19 07:30:12 DEBUG JobExecutor:39 - ProcessBuilder = [sudo, -u, paulf, -i, /mnt/htpcdrive/plex/conv/scripts/plex_video_iwatch.sh, /mnt/htpcdrive/plex/tv/Full Frontal With Samantha Bee/Season 01/Full.Frontal.With.Samantha.Bee.S01E18.720p.HDTV.mkv, IN_MOVED_TO]
2016-07-19 07:30:13 DEBUG JobExecutor:56 - Output = 
2016-07-19 07:30:13 DEBUG JobAPI:83 - Output = 
2016-07-19 12:00:28 INFO  JobAPI:68 - hostname=UBUNTU-QOTOM
2016-07-19 12:00:28 INFO  JobAPI:72 - file=/mnt/htpcdrive/plex/tv/Difficult People/Season 02/Difficult.People.S02E03.720p.WEB.DL.mkv, event=IN_MOVED_TO
2016-07-19 12:00:28 DEBUG JobExecutor:39 - ProcessBuilder = [sudo, -u, paulf, -i, /mnt/htpcdrive/plex/conv/scripts/plex_video_iwatch.sh, /mnt/htpcdrive/plex/tv/Difficult People/Season 02/Difficult.People.S02E03.720p.WEB.DL.mkv, IN_MOVED_TO]
2016-07-19 12:00:28 DEBUG JobExecutor:56 - Output = 
2016-07-19 12:00:28 DEBUG JobAPI:83 - Output = 
2016-07-19 20:33:28 INFO  CouchPotatoWebHook:48 - Headers:
2016-07-19 20:33:28 INFO  CouchPotatoWebHook:53 - host=192.168.1.120:8080
2016-07-19 20:33:28 INFO  CouchPotatoWebHook:53 - content-length=64
2016-07-19 20:33:28 INFO  CouchPotatoWebHook:53 - accept-encoding=gzip
2016-07-19 20:33:28 INFO  CouchPotatoWebHook:53 - accept=*/*
2016-07-19 20:33:28 INFO  CouchPotatoWebHook:53 - user-agent=Mozilla/5.0 (Macintosh; Intel Mac OS X 10.10; rv:40.0) Gecko/20100101 Firefox/40.0
2016-07-19 20:33:28 INFO  CouchPotatoWebHook:53 - connection=keep-alive
2016-07-19 20:33:28 INFO  CouchPotatoWebHook:53 - referer=http://192.168.1.120:8080
2016-07-19 20:33:28 INFO  CouchPotatoWebHook:53 - cache-control=max-age=0
2016-07-19 20:33:28 INFO  CouchPotatoWebHook:53 - content-type=application/x-www-form-urlencoded
2016-07-19 20:33:28 INFO  CouchPotatoWebHook:58 - Parameters:
2016-07-19 20:33:28 INFO  CouchPotatoWebHook:60 - message=Downloaded Mother's Day (BR-Rip)
2016-07-19 20:33:28 INFO  CouchPotatoWebHook:60 - imdb_id=tt4824302
2016-07-19 20:35:13 INFO  CouchPotatoWebHook:48 - Headers:
2016-07-19 20:35:13 INFO  CouchPotatoWebHook:53 - host=192.168.1.120:8080
2016-07-19 20:35:13 INFO  CouchPotatoWebHook:53 - content-length=58
2016-07-19 20:35:13 INFO  CouchPotatoWebHook:53 - accept-encoding=gzip
2016-07-19 20:35:13 INFO  CouchPotatoWebHook:53 - accept=*/*
2016-07-19 20:35:13 INFO  CouchPotatoWebHook:53 - user-agent=Mozilla/5.0 (Macintosh; Intel Mac OS X 10.10; rv:40.0) Gecko/20100101 Firefox/40.0
2016-07-19 20:35:13 INFO  CouchPotatoWebHook:53 - connection=keep-alive
2016-07-19 20:35:13 INFO  CouchPotatoWebHook:53 - referer=http://192.168.1.120:8080
2016-07-19 20:35:13 INFO  CouchPotatoWebHook:53 - cache-control=max-age=0
2016-07-19 20:35:13 INFO  CouchPotatoWebHook:53 - content-type=application/x-www-form-urlencoded
2016-07-19 20:35:13 INFO  CouchPotatoWebHook:58 - Parameters:
2016-07-19 20:35:13 INFO  CouchPotatoWebHook:60 - message=Downloaded The Bronze (720p)
2016-07-19 20:35:13 INFO  CouchPotatoWebHook:60 - imdb_id=tt3859304
2016-07-19 22:20:50 INFO  JobAPI:68 - hostname=UBUNTU-QOTOM
2016-07-19 22:20:50 INFO  JobAPI:72 - file=/mnt/htpcdrive/plex/tv/Zoo/Season 02/Zoo.S02E05.720p.HDTV.mkv, event=IN_MOVED_TO
2016-07-19 22:20:50 DEBUG JobExecutor:39 - ProcessBuilder = [sudo, -u, paulf, -i, /mnt/htpcdrive/plex/conv/scripts/plex_video_iwatch.sh, /mnt/htpcdrive/plex/tv/Zoo/Season 02/Zoo.S02E05.720p.HDTV.mkv, IN_MOVED_TO]
2016-07-19 22:20:50 DEBUG JobExecutor:56 - Output = 
2016-07-19 22:20:50 DEBUG JobAPI:83 - Output = 
